[2024-06-15 09:32:02,969: INFO: main: >>>>> stage Data Ingestion Stage started <<<<<<]
[2024-06-15 09:32:02,975: INFO: common: yaml file: config\config.yaml loaded successfully]
[2024-06-15 09:32:02,975: INFO: common: yaml file: params.yaml loaded successfully]
[2024-06-15 09:32:02,975: INFO: common: created directory at: output]
[2024-06-15 09:32:02,975: INFO: common: created directory at: output/data_ingestion]
[2024-06-15 09:32:02,980: INFO: data_ingestion: Downloading data from https://drive.google.com/file/d/1UwAPLYRHR3hAxY2KsucSYO8OWBPEEtQs/view?usp=sharing into file output/data_ingestion/fruitsdata.zip]
[2024-06-15 09:33:32,707: INFO: data_ingestion: Downloaded data from https://drive.google.com/file/d/1UwAPLYRHR3hAxY2KsucSYO8OWBPEEtQs/view?usp=sharing into file output/data_ingestion/fruitsdata.zip]
[2024-06-15 09:34:03,281: INFO: main: >>>>> stage Data Ingestion Stage completed <<<<<<<

x==========x]
[2024-06-15 09:34:03,281: INFO: main: ************************]
[2024-06-15 09:34:03,281: INFO: main: >>>>> stage Prepare base model started <<<<<<]
[2024-06-15 09:34:03,281: INFO: common: yaml file: config\config.yaml loaded successfully]
[2024-06-15 09:34:03,281: INFO: common: yaml file: params.yaml loaded successfully]
[2024-06-15 09:34:03,281: INFO: common: created directory at: output]
[2024-06-15 09:34:03,281: INFO: common: created directory at: output/prepare_base_model]
[2024-06-15 09:34:04,368: WARNING: saving_utils: Compiled the loaded model, but the compiled metrics have yet to be built. `model.compile_metrics` will be empty until you train or evaluate the model.]
[2024-06-15 09:34:05,276: INFO: main: >>>>> stage Prepare base model completed <<<<<<<

x==========x]
[2024-06-15 09:34:05,276: INFO: main: ********************************]
[2024-06-15 09:34:05,276: INFO: main: >>>>> stage Training started <<<<<<]
[2024-06-15 09:34:05,291: INFO: common: yaml file: config\config.yaml loaded successfully]
[2024-06-15 09:34:05,291: INFO: common: yaml file: params.yaml loaded successfully]
[2024-06-15 09:34:05,291: INFO: common: created directory at: output]
[2024-06-15 09:34:05,294: INFO: common: created directory at: output\prepare_callbacks\checkpoint_dir]
[2024-06-15 09:34:05,294: INFO: common: created directory at: output\prepare_callbacks\tensorboard_log_dir]
[2024-06-15 09:34:05,294: INFO: common: created directory at: output\training]
[2024-06-15 09:40:16,328: INFO: main: >>>>> stage Training completed <<<<<<<

x==========x]
[2024-06-15 09:40:16,328: INFO: main: ********************************]
[2024-06-15 09:40:16,328: INFO: main: >>>>> stage Evaluation started <<<<<<]
[2024-06-15 09:40:16,344: INFO: common: yaml file: config\config.yaml loaded successfully]
[2024-06-15 09:40:16,354: INFO: common: yaml file: params.yaml loaded successfully]
[2024-06-15 09:40:16,355: INFO: common: created directory at: output]
[2024-06-15 09:41:52,949: INFO: common: json file saved at: scores.json]
[2024-06-15 09:41:52,949: INFO: main: >>>>> stage Evaluation completed <<<<<<<

x==========x]
